# JRE version: Java(TM) SE Runtime Environment (21.0.7+8) (build 21.0.7+8-LTS-245)
# Java VM: Java HotSpot(TM) 64-Bit Server VM (21.0.7+8-LTS-245, mixed mode, emulated-client, sharing, tiered, compressed oops, compressed class ptrs, g1 gc, windows-amd64)
GC Precious Log:
 CardTable entry size: 512
 Card Set container configuration: InlinePtr #cards 5 size 8 Array Of Cards #cards 12 size 40 Howl #buckets 4 coarsen threshold 1843 Howl Bitmap #cards 512 size 80 coarsen threshold 460 Card regions per heap region 1 cards per card region 2048
 CPUs: 8 total, 8 available
 Memory: 7835M
 Large Page Support: Disabled
 NUMA Support: Disabled
 Compressed Oops: Enabled (32-bit)
 Heap Region Size: 1M
 Heap Min Capacity: 8M
 Heap Initial Capacity: 124M
 Heap Max Capacity: 1960M
 Pre-touch: Disabled
 Parallel Workers: 8
 Concurrent Workers: 2
 Concurrent Refinement Workers: 8
 Periodic GC: Disabled
Heap:
 garbage-first heap   total 61440K, used 23670K [0x0000000085800000, 0x0000000100000000)
  region size 1024K, 5 young (5120K), 4 survivors (4096K)
 Metaspace       used 43559K, committed 44160K, reserved 1114112K
  class space    used 5923K, committed 6208K, reserved 1048576K
GC Heap History (18 events):
Event: 1.011 GC heap before
{Heap before GC invocations=0 (full 0):
 garbage-first heap   total 126976K, used 24576K [0x0000000085800000, 0x0000000100000000)
  region size 1024K, 23 young (23552K), 0 survivors (0K)
 Metaspace       used 7434K, committed 7680K, reserved 1114112K
  class space    used 889K, committed 1024K, reserved 1048576K
}
Event: 1.020 GC heap after
{Heap after GC invocations=1 (full 0):
 garbage-first heap   total 126976K, used 8576K [0x0000000085800000, 0x0000000100000000)
  region size 1024K, 3 young (3072K), 3 survivors (3072K)
 Metaspace       used 7434K, committed 7680K, reserved 1114112K
  class space    used 889K, committed 1024K, reserved 1048576K
}
Event: 1.675 GC heap before
{Heap before GC invocations=1 (full 0):
 garbage-first heap   total 126976K, used 35200K [0x0000000085800000, 0x0000000100000000)
  region size 1024K, 30 young (30720K), 3 survivors (3072K)
 Metaspace       used 13751K, committed 14144K, reserved 1114112K
  class space    used 1807K, committed 1984K, reserved 1048576K
}
Event: 1.680 GC heap after
{Heap after GC invocations=2 (full 0):
 garbage-first heap   total 126976K, used 10790K [0x0000000085800000, 0x0000000100000000)
  region size 1024K, 3 young (3072K), 3 survivors (3072K)
 Metaspace       used 13751K, committed 14144K, reserved 1114112K
  class space    used 1807K, committed 1984K, reserved 1048576K
}
Event: 2.065 GC heap before
{Heap before GC invocations=2 (full 0):
 garbage-first heap   total 126976K, used 39462K [0x0000000085800000, 0x0000000100000000)
  region size 1024K, 33 young (33792K), 3 survivors (3072K)
 Metaspace       used 19732K, committed 20224K, reserved 1114112K
  class space    used 2599K, committed 2816K, reserved 1048576K
}
Event: 2.070 GC heap after
{Heap after GC invocations=3 (full 0):
 garbage-first heap   total 126976K, used 13551K [0x0000000085800000, 0x0000000100000000)
  region size 1024K, 5 young (5120K), 5 survivors (5120K)
 Metaspace       used 19732K, committed 20224K, reserved 1114112K
  class space    used 2599K, committed 2816K, reserved 1048576K
}
Event: 2.453 GC heap before
{Heap before GC invocations=4 (full 0):
 garbage-first heap   total 51200K, used 38127K [0x0000000085800000, 0x0000000100000000)
  region size 1024K, 30 young (30720K), 5 survivors (5120K)
 Metaspace       used 21930K, committed 22336K, reserved 1114112K
  class space    used 2906K, committed 3072K, reserved 1048576K
}
Event: 2.460 GC heap after
{Heap after GC invocations=5 (full 0):
 garbage-first heap   total 51200K, used 15740K [0x0000000085800000, 0x0000000100000000)
  region size 1024K, 3 young (3072K), 3 survivors (3072K)
 Metaspace       used 21930K, committed 22336K, reserved 1114112K
  class space    used 2906K, committed 3072K, reserved 1048576K
}
Event: 2.943 GC heap before
{Heap before GC invocations=5 (full 0):
 garbage-first heap   total 51200K, used 38268K [0x0000000085800000, 0x0000000100000000)
  region size 1024K, 25 young (25600K), 3 survivors (3072K)
 Metaspace       used 24676K, committed 25152K, reserved 1114112K
  class space    used 3308K, committed 3520K, reserved 1048576K
}
Event: 2.953 GC heap after
{Heap after GC invocations=6 (full 0):
 garbage-first heap   total 51200K, used 17555K [0x0000000085800000, 0x0000000100000000)
  region size 1024K, 4 young (4096K), 4 survivors (4096K)
 Metaspace       used 24676K, committed 25152K, reserved 1114112K
  class space    used 3308K, committed 3520K, reserved 1048576K
}
Event: 3.345 GC heap before
{Heap before GC invocations=6 (full 0):
 garbage-first heap   total 51200K, used 40083K [0x0000000085800000, 0x0000000100000000)
  region size 1024K, 26 young (26624K), 4 survivors (4096K)
 Metaspace       used 28402K, committed 28992K, reserved 1114112K
  class space    used 3878K, committed 4096K, reserved 1048576K
}
Event: 3.352 GC heap after
{Heap after GC invocations=7 (full 0):
 garbage-first heap   total 51200K, used 19649K [0x0000000085800000, 0x0000000100000000)
  region size 1024K, 4 young (4096K), 4 survivors (4096K)
 Metaspace       used 28402K, committed 28992K, reserved 1114112K
  class space    used 3878K, committed 4096K, reserved 1048576K
}
Event: 3.797 GC heap before
{Heap before GC invocations=7 (full 0):
 garbage-first heap   total 51200K, used 40129K [0x0000000085800000, 0x0000000100000000)
  region size 1024K, 25 young (25600K), 4 survivors (4096K)
 Metaspace       used 31974K, committed 32640K, reserved 1114112K
  class space    used 4323K, committed 4608K, reserved 1048576K
}
Event: 3.800 GC heap after
{Heap after GC invocations=8 (full 0):
 garbage-first heap   total 61440K, used 21248K [0x0000000085800000, 0x0000000100000000)
  region size 1024K, 2 young (2048K), 2 survivors (2048K)
 Metaspace       used 31974K, committed 32640K, reserved 1114112K
  class space    used 4323K, committed 4608K, reserved 1048576K
}
Event: 3.896 GC heap before
{Heap before GC invocations=8 (full 0):
 garbage-first heap   total 61440K, used 26368K [0x0000000085800000, 0x0000000100000000)
  region size 1024K, 8 young (8192K), 2 survivors (2048K)
 Metaspace       used 33167K, committed 33728K, reserved 1114112K
  class space    used 4503K, committed 4736K, reserved 1048576K
}
Event: 3.898 GC heap after
{Heap after GC invocations=9 (full 0):
 garbage-first heap   total 61440K, used 21307K [0x0000000085800000, 0x0000000100000000)
  region size 1024K, 2 young (2048K), 2 survivors (2048K)
 Metaspace       used 33167K, committed 33728K, reserved 1114112K
  class space    used 4503K, committed 4736K, reserved 1048576K
}
Event: 5.555 GC heap before
{Heap before GC invocations=10 (full 0):
 garbage-first heap   total 61440K, used 52027K [0x0000000085800000, 0x0000000100000000)
  region size 1024K, 32 young (32768K), 2 survivors (2048K)
 Metaspace       used 42991K, committed 43648K, reserved 1114112K
  class space    used 5860K, committed 6144K, reserved 1048576K
}
Event: 6.557 GC heap after
{Heap after GC invocations=11 (full 0):
 garbage-first heap   total 61440K, used 23670K [0x0000000085800000, 0x0000000100000000)
  region size 1024K, 4 young (4096K), 4 survivors (4096K)
 Metaspace       used 42991K, committed 43648K, reserved 1114112K
  class space    used 5860K, committed 6144K, reserved 1048576K
}

